<?xml version="1.0" encoding="UTF-8"?>
<!-- Generated by org.testng.reporters.JUnitXMLReporter -->
<testsuite ignored="2" hostname="Mehru" failures="0" tests="1" name="Default test" time="7.778" errors="0" timestamp="2023-05-23T07:50:24 IST">
  <testcase classname="com.sevenrmartsupermarket.tests.ManageDeliveryBoyTest" name="verifyDeliveryBoyUserCreation" time="4.202"/>
  <testcase classname="com.sevenrmartsupermarket.tests.ManageDeliveryBoyTest" name="verifyDeliveryBoyUserCreationWithdataProviders" time="0.0">
    <ignored/>
  </testcase> <!-- verifyDeliveryBoyUserCreationWithdataProviders -->
  <testcase classname="com.sevenrmartsupermarket.tests.ManageDeliveryBoyTest" name="verifyDeliveryBoyNewUserCreationWithdataProvidersFromExcel" time="0.0">
    <ignored/>
  </testcase> <!-- verifyDeliveryBoyNewUserCreationWithdataProvidersFromExcel -->
</testsuite> <!-- Default test -->
