<?xml version="1.0" encoding="UTF-8"?>
<testng-results ignored="0" total="1" passed="1" failed="0" skipped="0">
  <reporter-output>
  </reporter-output>
  <suite started-at="2023-04-27T07:14:40 IST" name="Default suite" finished-at="2023-04-27T07:17:24 IST" duration-ms="164608">
    <groups>
    </groups>
    <test started-at="2023-04-27T07:14:40 IST" name="Default test" finished-at="2023-04-27T07:17:24 IST" duration-ms="164608">
      <class name="com.executetest.DatePickersTest">
        <test-method is-config="true" signature="launchURl()[pri:0, instance:com.executetest.DatePickersTest@52719fb6]" started-at="2023-04-27T07:14:40 IST" name="launchURl" finished-at="2023-04-27T07:16:21 IST" duration-ms="101176" status="PASS">
          <reporter-output>
          </reporter-output>
        </test-method> <!-- launchURl -->
        <test-method signature="verifyDatePicker()[pri:0, instance:com.executetest.DatePickersTest@52719fb6]" started-at="2023-04-27T07:16:21 IST" name="verifyDatePicker" finished-at="2023-04-27T07:17:24 IST" duration-ms="63347" status="PASS">
          <reporter-output>
          </reporter-output>
        </test-method> <!-- verifyDatePicker -->
        <test-method is-config="true" signature="closeBrowser()[pri:0, instance:com.executetest.DatePickersTest@52719fb6]" started-at="2023-04-27T07:17:24 IST" name="closeBrowser" finished-at="2023-04-27T07:17:24 IST" duration-ms="1" status="PASS">
          <reporter-output>
          </reporter-output>
        </test-method> <!-- closeBrowser -->
      </class> <!-- com.executetest.DatePickersTest -->
    </test> <!-- Default test -->
  </suite> <!-- Default suite -->
</testng-results>
