<?xml version="1.0" encoding="UTF-8"?>
<testng-results ignored="0" total="1" passed="1" failed="0" skipped="0">
  <reporter-output>
  </reporter-output>
  <suite started-at="2023-05-15T07:45:36 IST" name="Default suite" finished-at="2023-05-15T07:45:40 IST" duration-ms="3908">
    <groups>
    </groups>
    <test started-at="2023-05-15T07:45:36 IST" name="Default test" finished-at="2023-05-15T07:45:40 IST" duration-ms="3908">
      <class name="com.sevenrmartsupermarket.tests.HomeTest">
        <test-method is-config="true" signature="launchBrowser()[pri:0, instance:com.sevenrmartsupermarket.tests.HomeTest@13e344d]" started-at="2023-05-15T07:45:36 IST" name="launchBrowser" finished-at="2023-05-15T07:45:39 IST" duration-ms="3146" status="PASS">
          <reporter-output>
          </reporter-output>
        </test-method> <!-- launchBrowser -->
        <test-method signature="verifyLogo()[pri:0, instance:com.sevenrmartsupermarket.tests.HomeTest@13e344d]" started-at="2023-05-15T07:45:39 IST" name="verifyLogo" finished-at="2023-05-15T07:45:40 IST" duration-ms="701" status="PASS">
          <reporter-output>
          </reporter-output>
        </test-method> <!-- verifyLogo -->
        <test-method is-config="true" signature="closeapplication(org.testng.ITestResult)[pri:0, instance:com.sevenrmartsupermarket.tests.HomeTest@13e344d]" started-at="2023-05-15T07:45:40 IST" name="closeapplication" finished-at="2023-05-15T07:45:40 IST" duration-ms="3" status="PASS">
          <params>
            <param index="0">
              <value>
                <![CDATA[[TestResult name=verifyLogo status=SUCCESS method=HomeTest.verifyLogo()[pri:0, instance:com.sevenrmartsupermarket.tests.HomeTest@13e344d] output={null}]]]>
              </value>
            </param>
          </params>
          <reporter-output>
          </reporter-output>
        </test-method> <!-- closeapplication -->
      </class> <!-- com.sevenrmartsupermarket.tests.HomeTest -->
    </test> <!-- Default test -->
  </suite> <!-- Default suite -->
</testng-results>
